<?xml version="1.0" encoding="UTF-8"?>
<testng-results ignored="0" total="1" passed="1" failed="0" skipped="0">
  <reporter-output>
  </reporter-output>
  <suite started-at="2022-04-30T18:15:58 IST" name="Default suite" finished-at="2022-04-30T18:16:17 IST" duration-ms="19320">
    <groups>
    </groups>
    <test started-at="2022-04-30T18:15:58 IST" name="Default test" finished-at="2022-04-30T18:16:17 IST" duration-ms="19320">
      <class name="com.heroapp.testcases.RegisterPageTest">
        <test-method is-config="true" signature="setup()[pri:0, instance:com.heroapp.testcases.RegisterPageTest@10d307f1]" started-at="2022-04-30T18:15:58 IST" name="setup" finished-at="2022-04-30T18:16:02 IST" duration-ms="4367" status="PASS">
          <reporter-output>
          </reporter-output>
        </test-method> <!-- setup -->
        <test-method signature="registerUserTest()[pri:1, instance:com.heroapp.testcases.RegisterPageTest@10d307f1]" started-at="2022-04-30T18:16:02 IST" name="registerUserTest" finished-at="2022-04-30T18:16:17 IST" duration-ms="14917" status="PASS">
          <reporter-output>
          </reporter-output>
        </test-method> <!-- registerUserTest -->
        <test-method is-config="true" signature="close()[pri:0, instance:com.heroapp.testcases.RegisterPageTest@10d307f1]" started-at="2022-04-30T18:16:17 IST" name="close" finished-at="2022-04-30T18:16:17 IST" duration-ms="1" status="PASS">
          <reporter-output>
          </reporter-output>
        </test-method> <!-- close -->
      </class> <!-- com.heroapp.testcases.RegisterPageTest -->
    </test> <!-- Default test -->
  </suite> <!-- Default suite -->
</testng-results>
